0 info it worked if it ends with ok
1 verbose cli [ '/usr/local/bin/node', '/usr/local/bin/npm', 'install' ]
2 info using npm@3.10.10
3 info using node@v6.10.1
4 silly loadCurrentTree Starting
5 silly install loadCurrentTree
6 silly install readLocalPackageData
7 silly install normalizeTree
8 silly loadCurrentTree Finishing
9 silly loadIdealTree Starting
10 silly install loadIdealTree
11 silly cloneCurrentTree Starting
12 silly install cloneCurrentTreeToIdealTree
13 silly cloneCurrentTree Finishing
14 silly loadShrinkwrap Starting
15 silly install loadShrinkwrap
16 silly loadShrinkwrap Finishing
17 silly loadAllDepsIntoIdealTree Starting
18 silly install loadAllDepsIntoIdealTree
19 silly fetchNamedPackageData grunt-contrib-imagemin
20 silly mapToRegistry name grunt-contrib-imagemin
21 silly mapToRegistry using default registry
22 silly mapToRegistry registry https://registry.npmjs.org/
23 silly mapToRegistry data Result {
23 silly mapToRegistry   raw: 'grunt-contrib-imagemin',
23 silly mapToRegistry   scope: null,
23 silly mapToRegistry   escapedName: 'grunt-contrib-imagemin',
23 silly mapToRegistry   name: 'grunt-contrib-imagemin',
23 silly mapToRegistry   rawSpec: '',
23 silly mapToRegistry   spec: 'latest',
23 silly mapToRegistry   type: 'tag' }
24 silly mapToRegistry uri https://registry.npmjs.org/grunt-contrib-imagemin
25 verbose request uri https://registry.npmjs.org/grunt-contrib-imagemin
26 verbose request no auth needed
27 info attempt registry request try #1 at 01:37:39
28 verbose request id f9812d18acbfef3c
29 verbose etag W/"58affce3-f585"
30 verbose lastModified Fri, 24 Feb 2017 09:29:07 GMT
31 http request GET https://registry.npmjs.org/grunt-contrib-imagemin
32 http 304 https://registry.npmjs.org/grunt-contrib-imagemin
33 verbose headers { date: 'Tue, 09 May 2017 16:37:41 GMT',
33 verbose headers   via: '1.1 varnish',
33 verbose headers   'cache-control': 'max-age=300',
33 verbose headers   etag: 'W/"58affce3-f585"',
33 verbose headers   age: '0',
33 verbose headers   connection: 'keep-alive',
33 verbose headers   'x-served-by': 'cache-nrt6122-NRT',
33 verbose headers   'x-cache': 'HIT',
33 verbose headers   'x-cache-hits': '1',
33 verbose headers   'x-timer': 'S1494347861.399968,VS0,VE475',
33 verbose headers   vary: 'Accept-Encoding' }
34 silly get cb [ 304,
34 silly get   { date: 'Tue, 09 May 2017 16:37:41 GMT',
34 silly get     via: '1.1 varnish',
34 silly get     'cache-control': 'max-age=300',
34 silly get     etag: 'W/"58affce3-f585"',
34 silly get     age: '0',
34 silly get     connection: 'keep-alive',
34 silly get     'x-served-by': 'cache-nrt6122-NRT',
34 silly get     'x-cache': 'HIT',
34 silly get     'x-cache-hits': '1',
34 silly get     'x-timer': 'S1494347861.399968,VS0,VE475',
34 silly get     vary: 'Accept-Encoding' } ]
35 verbose etag https://registry.npmjs.org/grunt-contrib-imagemin from cache
36 verbose get saving grunt-contrib-imagemin to /Users/doohwan.yoo/.npm/registry.npmjs.org/grunt-contrib-imagemin/.cache.json
37 verbose correctMkdir /Users/doohwan.yoo/.npm correctMkdir not in flight; initializing
38 silly resolveWithNewModule grunt-contrib-imagemin@0.2.1 checking installable status
39 silly cache add args [ 'grunt-contrib-imagemin@~0.2.0', null ]
40 verbose cache add spec grunt-contrib-imagemin@~0.2.0
41 silly cache add parsed spec Result {
41 silly cache add   raw: 'grunt-contrib-imagemin@~0.2.0',
41 silly cache add   scope: null,
41 silly cache add   escapedName: 'grunt-contrib-imagemin',
41 silly cache add   name: 'grunt-contrib-imagemin',
41 silly cache add   rawSpec: '~0.2.0',
41 silly cache add   spec: '>=0.2.0 <0.3.0',
41 silly cache add   type: 'range' }
42 silly addNamed grunt-contrib-imagemin@>=0.2.0 <0.3.0
43 verbose addNamed ">=0.2.0 <0.3.0" is a valid semver range for grunt-contrib-imagemin
44 silly addNameRange { name: 'grunt-contrib-imagemin',
44 silly addNameRange   range: '>=0.2.0 <0.3.0',
44 silly addNameRange   hasData: false }
45 silly mapToRegistry name grunt-contrib-imagemin
46 silly mapToRegistry using default registry
47 silly mapToRegistry registry https://registry.npmjs.org/
48 silly mapToRegistry data Result {
48 silly mapToRegistry   raw: 'grunt-contrib-imagemin',
48 silly mapToRegistry   scope: null,
48 silly mapToRegistry   escapedName: 'grunt-contrib-imagemin',
48 silly mapToRegistry   name: 'grunt-contrib-imagemin',
48 silly mapToRegistry   rawSpec: '',
48 silly mapToRegistry   spec: 'latest',
48 silly mapToRegistry   type: 'tag' }
49 silly mapToRegistry uri https://registry.npmjs.org/grunt-contrib-imagemin
50 verbose addNameRange registry:https://registry.npmjs.org/grunt-contrib-imagemin not in flight; fetching
51 verbose get https://registry.npmjs.org/grunt-contrib-imagemin not expired, no request
52 silly addNameRange number 2 { name: 'grunt-contrib-imagemin',
52 silly addNameRange   range: '>=0.2.0 <0.3.0',
52 silly addNameRange   hasData: true }
53 silly addNameRange versions [ 'grunt-contrib-imagemin',
53 silly addNameRange   [ '0.1.0',
53 silly addNameRange     '0.1.1',
53 silly addNameRange     '0.1.2',
53 silly addNameRange     '0.1.3',
53 silly addNameRange     '0.1.4',
53 silly addNameRange     '0.1.1-rc7',
53 silly addNameRange     '0.1.1-rc8',
53 silly addNameRange     '0.2.0',
53 silly addNameRange     '0.2.1',
53 silly addNameRange     '0.3.0',
53 silly addNameRange     '0.4.0',
53 silly addNameRange     '0.4.1',
53 silly addNameRange     '0.5.0',
53 silly addNameRange     '0.6.0',
53 silly addNameRange     '0.6.1',
53 silly addNameRange     '0.7.0',
53 silly addNameRange     '0.7.1',
53 silly addNameRange     '0.7.2',
53 silly addNameRange     '0.8.0',
53 silly addNameRange     '0.8.1',
53 silly addNameRange     '0.9.0',
53 silly addNameRange     '0.9.1',
53 silly addNameRange     '0.9.2',
53 silly addNameRange     '0.9.3',
53 silly addNameRange     '0.9.4',
53 silly addNameRange     '1.0.0',
53 silly addNameRange     '1.0.1' ] ]
54 silly addNamed grunt-contrib-imagemin@0.2.1
55 verbose addNamed "0.2.1" is a plain semver version for grunt-contrib-imagemin
56 silly cache afterAdd grunt-contrib-imagemin@0.2.1
57 verbose afterAdd /Users/doohwan.yoo/.npm/grunt-contrib-imagemin/0.2.1/package/package.json not in flight; writing
58 verbose correctMkdir /Users/doohwan.yoo/.npm correctMkdir not in flight; initializing
59 verbose afterAdd /Users/doohwan.yoo/.npm/grunt-contrib-imagemin/0.2.1/package/package.json written
60 silly fetchNamedPackageData gifsicle
61 silly mapToRegistry name gifsicle
62 silly mapToRegistry using default registry
63 silly mapToRegistry registry https://registry.npmjs.org/
64 silly mapToRegistry data Result {
64 silly mapToRegistry   raw: 'gifsicle',
64 silly mapToRegistry   scope: null,
64 silly mapToRegistry   escapedName: 'gifsicle',
64 silly mapToRegistry   name: 'gifsicle',
64 silly mapToRegistry   rawSpec: '',
64 silly mapToRegistry   spec: 'latest',
64 silly mapToRegistry   type: 'tag' }
65 silly mapToRegistry uri https://registry.npmjs.org/gifsicle
66 verbose request uri https://registry.npmjs.org/gifsicle
67 verbose request no auth needed
68 info attempt registry request try #1 at 01:37:40
69 verbose etag W/"58da2ef3-73a9"
70 verbose lastModified Tue, 28 Mar 2017 09:37:55 GMT
71 http request GET https://registry.npmjs.org/gifsicle
72 http 304 https://registry.npmjs.org/gifsicle
73 verbose headers { date: 'Tue, 09 May 2017 16:37:42 GMT',
73 verbose headers   via: '1.1 varnish',
73 verbose headers   'cache-control': 'max-age=300',
73 verbose headers   etag: 'W/"58da2ef3-73a9"',
73 verbose headers   age: '0',
73 verbose headers   connection: 'keep-alive',
73 verbose headers   'x-served-by': 'cache-nrt6122-NRT',
73 verbose headers   'x-cache': 'HIT',
73 verbose headers   'x-cache-hits': '1',
73 verbose headers   'x-timer': 'S1494347862.013982,VS0,VE480',
73 verbose headers   vary: 'Accept-Encoding' }
74 silly get cb [ 304,
74 silly get   { date: 'Tue, 09 May 2017 16:37:42 GMT',
74 silly get     via: '1.1 varnish',
74 silly get     'cache-control': 'max-age=300',
74 silly get     etag: 'W/"58da2ef3-73a9"',
74 silly get     age: '0',
74 silly get     connection: 'keep-alive',
74 silly get     'x-served-by': 'cache-nrt6122-NRT',
74 silly get     'x-cache': 'HIT',
74 silly get     'x-cache-hits': '1',
74 silly get     'x-timer': 'S1494347862.013982,VS0,VE480',
74 silly get     vary: 'Accept-Encoding' } ]
75 verbose etag https://registry.npmjs.org/gifsicle from cache
76 verbose get saving gifsicle to /Users/doohwan.yoo/.npm/registry.npmjs.org/gifsicle/.cache.json
77 verbose correctMkdir /Users/doohwan.yoo/.npm correctMkdir not in flight; initializing
78 silly resolveWithNewModule gifsicle@0.1.7 checking installable status
79 silly cache add args [ 'gifsicle@~0.1.0', null ]
80 verbose cache add spec gifsicle@~0.1.0
81 silly cache add parsed spec Result {
81 silly cache add   raw: 'gifsicle@~0.1.0',
81 silly cache add   scope: null,
81 silly cache add   escapedName: 'gifsicle',
81 silly cache add   name: 'gifsicle',
81 silly cache add   rawSpec: '~0.1.0',
81 silly cache add   spec: '>=0.1.0 <0.2.0',
81 silly cache add   type: 'range' }
82 silly addNamed gifsicle@>=0.1.0 <0.2.0
83 verbose addNamed ">=0.1.0 <0.2.0" is a valid semver range for gifsicle
84 silly addNameRange { name: 'gifsicle', range: '>=0.1.0 <0.2.0', hasData: false }
85 silly mapToRegistry name gifsicle
86 silly mapToRegistry using default registry
87 silly mapToRegistry registry https://registry.npmjs.org/
88 silly mapToRegistry data Result {
88 silly mapToRegistry   raw: 'gifsicle',
88 silly mapToRegistry   scope: null,
88 silly mapToRegistry   escapedName: 'gifsicle',
88 silly mapToRegistry   name: 'gifsicle',
88 silly mapToRegistry   rawSpec: '',
88 silly mapToRegistry   spec: 'latest',
88 silly mapToRegistry   type: 'tag' }
89 silly mapToRegistry uri https://registry.npmjs.org/gifsicle
90 verbose addNameRange registry:https://registry.npmjs.org/gifsicle not in flight; fetching
91 verbose get https://registry.npmjs.org/gifsicle not expired, no request
92 silly addNameRange number 2 { name: 'gifsicle', range: '>=0.1.0 <0.2.0', hasData: true }
93 silly addNameRange versions [ 'gifsicle',
93 silly addNameRange   [ '0.1.0',
93 silly addNameRange     '0.1.1',
93 silly addNameRange     '0.1.2',
93 silly addNameRange     '0.1.3',
93 silly addNameRange     '0.1.4',
93 silly addNameRange     '0.1.5',
93 silly addNameRange     '0.1.6',
93 silly addNameRange     '0.1.7',
93 silly addNameRange     '1.0.0',
93 silly addNameRange     '1.0.1',
93 silly addNameRange     '1.0.2',
93 silly addNameRange     '1.0.3',
93 silly addNameRange     '2.0.0',
93 silly addNameRange     '2.0.1',
93 silly addNameRange     '3.0.0',
93 silly addNameRange     '3.0.1',
93 silly addNameRange     '3.0.2',
93 silly addNameRange     '3.0.3',
93 silly addNameRange     '3.0.4' ] ]
94 silly addNamed gifsicle@0.1.7
95 verbose addNamed "0.1.7" is a plain semver version for gifsicle
96 silly cache afterAdd gifsicle@0.1.7
97 verbose afterAdd /Users/doohwan.yoo/.npm/gifsicle/0.1.7/package/package.json not in flight; writing
98 verbose correctMkdir /Users/doohwan.yoo/.npm correctMkdir not in flight; initializing
99 verbose afterAdd /Users/doohwan.yoo/.npm/gifsicle/0.1.7/package/package.json written
100 silly loadAllDepsIntoIdealTree Finishing
101 silly loadIdealTree Finishing
102 silly currentTree hpstr-theme@
102 silly currentTree ├── abbrev@1.1.0
102 silly currentTree ├── adm-zip@0.4.7
102 silly currentTree ├── ajv@4.11.8
102 silly currentTree ├── amdefine@1.0.1
102 silly currentTree ├── ansi-regex@2.1.1
102 silly currentTree ├── ansi-styles@0.2.0
102 silly currentTree ├── archive-type@3.2.0
102 silly currentTree ├─┬ argparse@0.1.16
102 silly currentTree │ └── underscore.string@2.4.0
102 silly currentTree ├── arr-diff@2.0.0
102 silly currentTree ├── arr-flatten@1.0.3
102 silly currentTree ├── array-differ@1.0.0
102 silly currentTree ├── array-find-index@1.0.2
102 silly currentTree ├── array-uniq@1.0.3
102 silly currentTree ├── array-unique@0.2.1
102 silly currentTree ├── asn1@0.2.3
102 silly currentTree ├── assert-plus@0.2.0
102 silly currentTree ├── async-each-series@1.1.0
102 silly currentTree ├── async@0.1.22
102 silly currentTree ├── asynckit@0.4.0
102 silly currentTree ├── aws-sign2@0.6.0
102 silly currentTree ├── aws4@1.6.0
102 silly currentTree ├── balanced-match@0.4.2
102 silly currentTree ├── bcrypt-pbkdf@1.0.1
102 silly currentTree ├── beeper@1.1.1
102 silly currentTree ├── bin-build@0.1.1
102 silly currentTree ├── bin-check@0.1.5
102 silly currentTree ├─┬ bin-version-check@2.1.0
102 silly currentTree │ ├── minimist@1.2.0
102 silly currentTree │ └── semver@4.3.6
102 silly currentTree ├── bin-version@1.0.4
102 silly currentTree ├── bin-wrapper@0.3.4
102 silly currentTree ├─┬ bl@1.2.1
102 silly currentTree │ ├── isarray@1.0.0
102 silly currentTree │ ├── readable-stream@2.2.9
102 silly currentTree │ └── string_decoder@1.0.0
102 silly currentTree ├── block-stream@0.0.9
102 silly currentTree ├── boom@2.10.1
102 silly currentTree ├── brace-expansion@1.1.7
102 silly currentTree ├── braces@1.8.5
102 silly currentTree ├── buffer-crc32@0.2.13
102 silly currentTree ├── buffer-shims@1.0.0
102 silly currentTree ├─┬ buffer-to-vinyl@1.1.0
102 silly currentTree │ ├── isarray@1.0.0
102 silly currentTree │ ├── readable-stream@2.2.9
102 silly currentTree │ ├── string_decoder@1.0.0
102 silly currentTree │ └── uuid@2.0.3
102 silly currentTree ├── builtin-modules@1.1.1
102 silly currentTree ├─┬ camelcase-keys@2.1.0
102 silly currentTree │ └── camelcase@2.1.1
102 silly currentTree ├── camelcase@1.2.1
102 silly currentTree ├── capture-stack-trace@1.0.0
102 silly currentTree ├── caseless@0.12.0
102 silly currentTree ├─┬ caw@1.2.0
102 silly currentTree │ ├── object-assign@3.0.0
102 silly currentTree │ └── tunnel-agent@0.4.3
102 silly currentTree ├── chalk@0.2.1
102 silly currentTree ├── cli@0.4.5
102 silly currentTree ├── clone-stats@0.0.1
102 silly currentTree ├── clone@1.0.2
102 silly currentTree ├── co@4.6.0
102 silly currentTree ├── coa@0.3.9
102 silly currentTree ├── coffee-script@1.3.3
102 silly currentTree ├── colors@0.6.2
102 silly currentTree ├── combined-stream@1.0.5
102 silly currentTree ├── commander@2.8.1
102 silly currentTree ├── concat-map@0.0.1
102 silly currentTree ├─┬ concat-stream@1.6.0
102 silly currentTree │ ├── isarray@1.0.0
102 silly currentTree │ ├── readable-stream@2.2.9
102 silly currentTree │ └── string_decoder@1.0.0
102 silly currentTree ├── console-browserify@0.1.6
102 silly currentTree ├── console-stream@0.1.1
102 silly currentTree ├── convert-source-map@1.5.0
102 silly currentTree ├── core-util-is@1.0.2
102 silly currentTree ├── create-error-class@3.0.2
102 silly currentTree ├── cryptiles@2.0.5
102 silly currentTree ├── currently-unhandled@0.4.1
102 silly currentTree ├─┬ dashdash@1.14.1
102 silly currentTree │ └── assert-plus@1.0.0
102 silly currentTree ├── dateformat@1.0.2-1.2.3
102 silly currentTree ├── debug@0.7.4
102 silly currentTree ├── decamelize@1.2.0
102 silly currentTree ├─┬ decompress-tar@3.1.0
102 silly currentTree │ ├── clone@0.2.0
102 silly currentTree │ ├── object-assign@2.1.1
102 silly currentTree │ ├── through2@0.6.5
102 silly currentTree │ ├── vinyl@0.4.6
102 silly currentTree │ └── xtend@4.0.1
102 silly currentTree ├─┬ decompress-tarbz2@3.1.0
102 silly currentTree │ ├── clone@0.2.0
102 silly currentTree │ ├── object-assign@2.1.1
102 silly currentTree │ ├── through2@0.6.5
102 silly currentTree │ ├── vinyl@0.4.6
102 silly currentTree │ └── xtend@4.0.1
102 silly currentTree ├─┬ decompress-targz@3.1.0
102 silly currentTree │ ├── clone@0.2.0
102 silly currentTree │ ├── object-assign@2.1.1
102 silly currentTree │ ├── through2@0.6.5
102 silly currentTree │ ├── vinyl@0.4.6
102 silly currentTree │ └── xtend@4.0.1
102 silly currentTree ├─┬ decompress-unzip@3.4.0
102 silly currentTree │ ├── isarray@1.0.0
102 silly currentTree │ ├── readable-stream@2.2.9
102 silly currentTree │ ├── string_decoder@1.0.0
102 silly currentTree │ ├── through2@2.0.3
102 silly currentTree │ └── xtend@4.0.1
102 silly currentTree ├─┬ decompress@0.2.5
102 silly currentTree │ └── nopt@2.2.1
102 silly currentTree ├── deep-extend@0.4.1
102 silly currentTree ├── delayed-stream@1.0.0
102 silly currentTree ├─┬ download@0.1.19
102 silly currentTree │ └── nopt@2.2.1
102 silly currentTree ├── duplexer@0.1.1
102 silly currentTree ├─┬ duplexer2@0.1.4
102 silly currentTree │ ├── isarray@1.0.0
102 silly currentTree │ ├── readable-stream@2.2.9
102 silly currentTree │ └── string_decoder@1.0.0
102 silly currentTree ├─┬ duplexify@3.5.0
102 silly currentTree │ ├── end-of-stream@1.0.0
102 silly currentTree │ ├── isarray@1.0.0
102 silly currentTree │ ├── once@1.3.3
102 silly currentTree │ ├── readable-stream@2.2.9
102 silly currentTree │ └── string_decoder@1.0.0
102 silly currentTree ├── each-async@0.1.3
102 silly currentTree ├── ecc-jsbn@0.1.1
102 silly currentTree ├── end-of-stream@1.4.0
102 silly currentTree ├── error-ex@1.3.1
102 silly currentTree ├── escape-string-regexp@1.0.5
102 silly currentTree ├── esprima@1.0.4
102 silly currentTree ├── eventemitter2@0.4.14
102 silly currentTree ├─┬ exec-series@1.0.3
102 silly currentTree │ └── object-assign@4.1.1
102 silly currentTree ├── executable@0.1.3
102 silly currentTree ├── exit@0.1.2
102 silly currentTree ├── expand-brackets@0.1.5
102 silly currentTree ├── expand-range@1.8.2
102 silly currentTree ├── ext-list@0.2.0
102 silly currentTree ├─┬ ext-name@1.0.1
102 silly currentTree │ └── underscore.string@2.3.3
102 silly currentTree ├── extend-shallow@2.0.1
102 silly currentTree ├── extend@3.0.1
102 silly currentTree ├─┬ extglob@0.3.2
102 silly currentTree │ └── is-extglob@1.0.0
102 silly currentTree ├── extsprintf@1.0.2
102 silly currentTree ├─┬ fancy-log@1.3.0
102 silly currentTree │ ├── ansi-styles@2.2.1
102 silly currentTree │ └── chalk@1.1.3
102 silly currentTree ├── faye-websocket@0.4.4
102 silly currentTree ├── fd-slicer@1.0.1
102 silly currentTree ├─┬ figures@1.7.0
102 silly currentTree │ └── object-assign@4.1.1
102 silly currentTree ├── file-type@3.9.0
102 silly currentTree ├── filename-regex@2.0.1
102 silly currentTree ├── filename-reserved-regex@1.0.0
102 silly currentTree ├── filenamify@1.2.1
102 silly currentTree ├── filesize@1.10.0
102 silly currentTree ├── fill-range@2.2.3
102 silly currentTree ├── find-file@0.1.4
102 silly currentTree ├── find-up@1.1.2
102 silly currentTree ├─┬ find-versions@1.2.1
102 silly currentTree │ └── get-stdin@4.0.1
102 silly currentTree ├─┬ findup-sync@0.1.3
102 silly currentTree │ ├── glob@3.2.11
102 silly currentTree │ ├── lodash@2.4.2
102 silly currentTree │ └── minimatch@0.3.0
102 silly currentTree ├── first-chunk-stream@1.0.0
102 silly currentTree ├── for-in@1.0.2
102 silly currentTree ├── for-own@0.1.5
102 silly currentTree ├── forever-agent@0.6.1
102 silly currentTree ├── form-data@2.1.4
102 silly currentTree ├─┬ fstream@0.1.31
102 silly currentTree │ ├── graceful-fs@3.0.11
102 silly currentTree │ └── mkdirp@0.5.1
102 silly currentTree ├── gaze@0.4.3
102 silly currentTree ├── get-proxy@1.1.0
102 silly currentTree ├── get-stdin@0.1.0
102 silly currentTree ├── get-urls@0.1.2
102 silly currentTree ├── getobject@0.1.0
102 silly currentTree ├─┬ getpass@0.1.7
102 silly currentTree │ └── assert-plus@1.0.0
102 silly currentTree ├─┬ gifsicle@3.0.4
102 silly currentTree │ ├── bin-build@2.2.0
102 silly currentTree │ ├── bin-check@2.0.0
102 silly currentTree │ ├── bin-wrapper@3.0.2
102 silly currentTree │ ├── decompress@3.0.0
102 silly currentTree │ ├── download@4.4.3
102 silly currentTree │ ├── each-async@1.1.1
102 silly currentTree │ ├── executable@1.1.0
102 silly currentTree │ ├── got@5.7.1
102 silly currentTree │ ├── isarray@1.0.0
102 silly currentTree │ ├── object-assign@4.1.1
102 silly currentTree │ ├── readable-stream@2.2.9
102 silly currentTree │ ├── string_decoder@1.0.0
102 silly currentTree │ ├── tempfile@1.1.1
102 silly currentTree │ └── uuid@2.0.3
102 silly currentTree ├─┬ glob-base@0.3.0
102 silly currentTree │ ├── glob-parent@2.0.0
102 silly currentTree │ ├── is-extglob@1.0.0
102 silly currentTree │ └── is-glob@2.0.1
102 silly currentTree ├── glob-parent@3.1.0
102 silly currentTree ├─┬ glob-stream@5.3.5
102 silly currentTree │ ├── glob@5.0.15
102 silly currentTree │ ├── minimatch@3.0.4
102 silly currentTree │ ├── through2@0.6.5
102 silly currentTree │ └── xtend@4.0.1
102 silly currentTree ├─┬ glob@3.1.21
102 silly currentTree │ └── inherits@1.0.2
102 silly currentTree ├─┬ globule@0.1.0
102 silly currentTree │ └── lodash@1.0.2
102 silly currentTree ├── glogg@1.0.0
102 silly currentTree ├── got@0.2.0
102 silly currentTree ├── graceful-fs@1.2.3
102 silly currentTree ├── graceful-readlink@1.0.1
102 silly currentTree ├── grunt-contrib-clean@0.5.0
102 silly currentTree ├── grunt-contrib-jshint@0.6.5
102 silly currentTree ├── grunt-contrib-uglify@0.2.7
102 silly currentTree ├── grunt-contrib-watch@0.5.3
102 silly currentTree ├─┬ grunt-legacy-log-utils@0.1.1
102 silly currentTree │ ├── lodash@2.4.2
102 silly currentTree │ └── underscore.string@2.3.3
102 silly currentTree ├─┬ grunt-legacy-log@0.1.3
102 silly currentTree │ ├── lodash@2.4.2
102 silly currentTree │ └── underscore.string@2.3.3
102 silly currentTree ├── grunt-legacy-util@0.2.0
102 silly currentTree ├── grunt-lib-contrib@0.6.1
102 silly currentTree ├─┬ grunt-svgmin@0.2.1
102 silly currentTree │ ├── chalk@0.3.0
102 silly currentTree │ └── filesize@2.0.4
102 silly currentTree ├── grunt@0.4.5
102 silly currentTree ├─┬ gulp-decompress@1.2.0
102 silly currentTree │ ├── decompress@3.0.0
102 silly currentTree │ ├── isarray@1.0.0
102 silly currentTree │ ├── readable-stream@2.2.9
102 silly currentTree │ └── string_decoder@1.0.0
102 silly currentTree ├── gulp-rename@1.2.2
102 silly currentTree ├─┬ gulp-sourcemaps@1.6.0
102 silly currentTree │ ├── graceful-fs@4.1.11
102 silly currentTree │ ├── isarray@1.0.0
102 silly currentTree │ ├── readable-stream@2.2.9
102 silly currentTree │ ├── string_decoder@1.0.0
102 silly currentTree │ ├── through2@2.0.3
102 silly currentTree │ └── xtend@4.0.1
102 silly currentTree ├─┬ gulp-util@3.0.8
102 silly currentTree │ ├── ansi-styles@2.2.1
102 silly currentTree │ ├── chalk@1.1.3
102 silly currentTree │ ├── dateformat@2.0.0
102 silly currentTree │ ├── isarray@1.0.0
102 silly currentTree │ ├── minimist@1.2.0
102 silly currentTree │ ├── object-assign@3.0.0
102 silly currentTree │ ├── readable-stream@2.2.9
102 silly currentTree │ ├── string_decoder@1.0.0
102 silly currentTree │ ├── through2@2.0.3
102 silly currentTree │ ├── vinyl@0.5.3
102 silly currentTree │ └── xtend@4.0.1
102 silly currentTree ├── gulplog@1.0.0
102 silly currentTree ├── har-schema@1.0.5
102 silly currentTree ├── har-validator@4.2.1
102 silly currentTree ├── has-ansi@2.0.0
102 silly currentTree ├── has-color@0.1.7
102 silly currentTree ├── has-gulplog@0.1.0
102 silly currentTree ├── hawk@3.1.3
102 silly currentTree ├── hoek@2.16.3
102 silly currentTree ├── hooker@0.2.3
102 silly currentTree ├── hosted-git-info@2.4.2
102 silly currentTree ├── http-signature@1.1.1
102 silly currentTree ├── iconv-lite@0.2.11
102 silly currentTree ├── indent-string@2.1.0
102 silly currentTree ├── inflight@1.0.6
102 silly currentTree ├── inherits@2.0.3
102 silly currentTree ├── ini@1.3.4
102 silly currentTree ├── ip-regex@1.0.3
102 silly currentTree ├── is-absolute@0.1.7
102 silly currentTree ├── is-arrayish@0.2.1
102 silly currentTree ├── is-buffer@1.1.5
102 silly currentTree ├── is-builtin-module@1.0.0
102 silly currentTree ├── is-bzip2@1.0.0
102 silly currentTree ├── is-dotfile@1.0.2
102 silly currentTree ├── is-equal-shallow@0.1.3
102 silly currentTree ├── is-extendable@0.1.1
102 silly currentTree ├── is-extglob@2.1.1
102 silly currentTree ├── is-finite@1.0.2
102 silly currentTree ├── is-glob@3.1.0
102 silly currentTree ├── is-gzip@1.0.0
102 silly currentTree ├── is-natural-number@2.1.1
102 silly currentTree ├── is-number@2.1.0
102 silly currentTree ├── is-obj@1.0.1
102 silly currentTree ├── is-posix-bracket@0.1.1
102 silly currentTree ├── is-primitive@2.0.0
102 silly currentTree ├── is-redirect@1.0.0
102 silly currentTree ├── is-relative@0.1.3
102 silly currentTree ├── is-retry-allowed@1.1.0
102 silly currentTree ├── is-stream@1.1.0
102 silly currentTree ├── is-tar@1.0.0
102 silly currentTree ├── is-typedarray@1.0.0
102 silly currentTree ├── is-url@1.2.2
102 silly currentTree ├── is-utf8@0.2.1
102 silly currentTree ├── is-valid-glob@0.3.0
102 silly currentTree ├── is-zip@1.0.0
102 silly currentTree ├── isarray@0.0.1
102 silly currentTree ├─┬ isobject@2.1.0
102 silly currentTree │ └── isarray@1.0.0
102 silly currentTree ├── isstream@0.1.2
102 silly currentTree ├── jodid25519@1.0.2
102 silly currentTree ├── jpegtran-bin@0.2.8
102 silly currentTree ├── js-yaml@2.0.5
102 silly currentTree ├── jsbn@0.1.1
102 silly currentTree ├─┬ jshint@2.1.11
102 silly currentTree │ └── underscore@1.4.4
102 silly currentTree ├── json-schema@0.2.3
102 silly currentTree ├── json-stable-stringify@1.0.1
102 silly currentTree ├── json-stringify-safe@5.0.1
102 silly currentTree ├── jsonify@0.0.0
102 silly currentTree ├─┬ jsprim@1.4.0
102 silly currentTree │ └── assert-plus@1.0.0
102 silly currentTree ├── kind-of@3.2.0
102 silly currentTree ├── lazy-req@1.1.0
102 silly currentTree ├─┬ lazystream@1.0.0
102 silly currentTree │ ├── isarray@1.0.0
102 silly currentTree │ ├── readable-stream@2.2.9
102 silly currentTree │ └── string_decoder@1.0.0
102 silly currentTree ├─┬ load-json-file@1.1.0
102 silly currentTree │ └── graceful-fs@4.1.11
102 silly currentTree ├── lodash._basecopy@3.0.1
102 silly currentTree ├── lodash._basetostring@3.0.1
102 silly currentTree ├── lodash._basevalues@3.0.0
102 silly currentTree ├── lodash._getnative@3.9.1
102 silly currentTree ├── lodash._isiterateecall@3.0.9
102 silly currentTree ├── lodash._reescape@3.0.0
102 silly currentTree ├── lodash._reevaluate@3.0.0
102 silly currentTree ├── lodash._reinterpolate@3.0.0
102 silly currentTree ├── lodash._root@3.0.1
102 silly currentTree ├── lodash.escape@3.2.0
102 silly currentTree ├── lodash.isarguments@3.1.0
102 silly currentTree ├── lodash.isarray@3.0.4
102 silly currentTree ├── lodash.isequal@4.5.0
102 silly currentTree ├── lodash.keys@3.1.2
102 silly currentTree ├── lodash.restparam@3.6.1
102 silly currentTree ├── lodash.template@3.6.2
102 silly currentTree ├── lodash.templatesettings@3.1.1
102 silly currentTree ├── lodash@0.9.2
102 silly currentTree ├─┬ log-symbols@1.0.2
102 silly currentTree │ ├── ansi-styles@2.2.1
102 silly currentTree │ └── chalk@1.1.3
102 silly currentTree ├── logalot@2.1.0
102 silly currentTree ├── longest@1.0.1
102 silly currentTree ├── loud-rejection@1.6.0
102 silly currentTree ├── lowercase-keys@1.0.0
102 silly currentTree ├─┬ lpad-align@1.1.0
102 silly currentTree │ └── get-stdin@4.0.1
102 silly currentTree ├── lpad@2.0.1
102 silly currentTree ├── lru-cache@2.7.3
102 silly currentTree ├── map-obj@1.0.1
102 silly currentTree ├─┬ meow@3.7.0
102 silly currentTree │ ├── minimist@1.2.0
102 silly currentTree │ └── object-assign@4.1.1
102 silly currentTree ├─┬ merge-stream@1.0.1
102 silly currentTree │ ├── isarray@1.0.0
102 silly currentTree │ ├── readable-stream@2.2.9
102 silly currentTree │ └── string_decoder@1.0.0
102 silly currentTree ├─┬ micromatch@2.3.11
102 silly currentTree │ ├── is-extglob@1.0.0
102 silly currentTree │ └── is-glob@2.0.1
102 silly currentTree ├── mime-db@1.27.0
102 silly currentTree ├── mime-types@2.1.15
102 silly currentTree ├── minimatch@0.2.14
102 silly currentTree ├── minimist@0.0.8
102 silly currentTree ├── mkdirp@0.3.5
102 silly currentTree ├── mout@0.9.1
102 silly currentTree ├─┬ multipipe@0.1.2
102 silly currentTree │ ├── duplexer2@0.0.2
102 silly currentTree │ └── readable-stream@1.1.14
102 silly currentTree ├── natives@1.1.0
102 silly currentTree ├── node-status-codes@1.0.0
102 silly currentTree ├── nopt@1.0.10
102 silly currentTree ├─┬ noptify@0.0.3
102 silly currentTree │ └── nopt@2.0.0
102 silly currentTree ├── normalize-package-data@2.3.8
102 silly currentTree ├── normalize-path@2.1.1
102 silly currentTree ├── number-is-nan@1.0.1
102 silly currentTree ├── oauth-sign@0.8.2
102 silly currentTree ├── object-assign@0.3.1
102 silly currentTree ├── object-keys@0.4.0
102 silly currentTree ├── object.omit@2.0.1
102 silly currentTree ├── once@1.4.0
102 silly currentTree ├── onetime@1.1.0
102 silly currentTree ├── optipng-bin@0.3.11
102 silly currentTree ├─┬ ordered-read-streams@0.3.0
102 silly currentTree │ ├── isarray@1.0.0
102 silly currentTree │ ├── readable-stream@2.2.9
102 silly currentTree │ └── string_decoder@1.0.0
102 silly currentTree ├── os-filter-obj@1.0.3
102 silly currentTree ├── os-tmpdir@1.0.2
102 silly currentTree ├─┬ parse-glob@3.0.4
102 silly currentTree │ ├── is-extglob@1.0.0
102 silly currentTree │ └── is-glob@2.0.1
102 silly currentTree ├── parse-json@2.2.0
102 silly currentTree ├── path-dirname@1.0.2
102 silly currentTree ├── path-exists@2.1.0
102 silly currentTree ├── path-is-absolute@1.0.1
102 silly currentTree ├─┬ path-type@1.1.0
102 silly currentTree │ └── graceful-fs@4.1.11
102 silly currentTree ├── pend@1.2.0
102 silly currentTree ├── performance-now@0.2.0
102 silly currentTree ├── pify@2.3.0
102 silly currentTree ├── pinkie-promise@2.0.1
102 silly currentTree ├── pinkie@2.0.4
102 silly currentTree ├─┬ pngquant-bin@0.1.7
102 silly currentTree │ ├── ansi-styles@1.0.0
102 silly currentTree │ ├── bin-wrapper@0.2.4
102 silly currentTree │ ├── chalk@0.4.0
102 silly currentTree │ └── strip-ansi@0.1.1
102 silly currentTree ├── prepend-http@1.0.4
102 silly currentTree ├── preserve@0.2.0
102 silly currentTree ├── process-nextick-args@1.0.7
102 silly currentTree ├── punycode@1.4.1
102 silly currentTree ├── q@0.8.12
102 silly currentTree ├── qs@6.4.0
102 silly currentTree ├── randomatic@1.1.6
102 silly currentTree ├─┬ rc@1.2.1
102 silly currentTree │ └── minimist@1.2.0
102 silly currentTree ├─┬ read-all-stream@3.1.0
102 silly currentTree │ ├── isarray@1.0.0
102 silly currentTree │ ├── readable-stream@2.2.9
102 silly currentTree │ └── string_decoder@1.0.0
102 silly currentTree ├── read-pkg-up@1.0.1
102 silly currentTree ├── read-pkg@1.1.0
102 silly currentTree ├── readable-stream@1.0.34
102 silly currentTree ├── redent@1.0.0
102 silly currentTree ├── regex-cache@0.4.3
102 silly currentTree ├── remove-trailing-separator@1.0.1
102 silly currentTree ├── repeat-element@1.1.2
102 silly currentTree ├── repeat-string@1.6.1
102 silly currentTree ├── repeating@2.0.1
102 silly currentTree ├── replace-ext@0.0.1
102 silly currentTree ├─┬ request@2.81.0
102 silly currentTree │ └── uuid@3.0.1
102 silly currentTree ├── rimraf@2.2.8
102 silly currentTree ├── safe-buffer@5.0.1
102 silly currentTree ├── sax@0.5.8
102 silly currentTree ├── seek-bzip@1.0.5
102 silly currentTree ├── semver-regex@1.0.0
102 silly currentTree ├── semver-truncate@1.1.2
102 silly currentTree ├── semver@5.3.0
102 silly currentTree ├── set-immediate-shim@1.0.1
102 silly currentTree ├── shelljs@0.1.4
102 silly currentTree ├── sigmund@1.0.1
102 silly currentTree ├── signal-exit@3.0.2
102 silly currentTree ├── sntp@1.0.9
102 silly currentTree ├── source-map@0.1.34
102 silly currentTree ├── sparkles@1.0.0
102 silly currentTree ├── spdx-correct@1.0.2
102 silly currentTree ├── spdx-expression-parse@1.0.4
102 silly currentTree ├── spdx-license-ids@1.2.2
102 silly currentTree ├── sprintf-js@1.0.3
102 silly currentTree ├─┬ squeak@1.3.0
102 silly currentTree │ ├── ansi-styles@2.2.1
102 silly currentTree │ └── chalk@1.1.3
102 silly currentTree ├─┬ sshpk@1.13.0
102 silly currentTree │ └── assert-plus@1.0.0
102 silly currentTree ├── stat-mode@0.2.2
102 silly currentTree ├── stream-combiner@0.0.4
102 silly currentTree ├─┬ stream-combiner2@1.1.1
102 silly currentTree │ ├── isarray@1.0.0
102 silly currentTree │ ├── readable-stream@2.2.9
102 silly currentTree │ └── string_decoder@1.0.0
102 silly currentTree ├── stream-shift@1.0.0
102 silly currentTree ├── string_decoder@0.10.31
102 silly currentTree ├── stringstream@0.0.5
102 silly currentTree ├── strip-ansi@3.0.1
102 silly currentTree ├── strip-bom-stream@1.0.0
102 silly currentTree ├── strip-bom@2.0.0
102 silly currentTree ├─┬ strip-dirs@1.1.1
102 silly currentTree │ ├── ansi-styles@2.2.1
102 silly currentTree │ ├── chalk@1.1.3
102 silly currentTree │ ├── get-stdin@4.0.1
102 silly currentTree │ └── minimist@1.2.0
102 silly currentTree ├─┬ strip-indent@1.0.1
102 silly currentTree │ └── get-stdin@4.0.1
102 silly currentTree ├── strip-json-comments@2.0.1
102 silly currentTree ├── strip-outer@1.0.0
102 silly currentTree ├─┬ sum-up@1.0.3
102 silly currentTree │ ├── ansi-styles@2.2.1
102 silly currentTree │ └── chalk@1.1.3
102 silly currentTree ├── supports-color@2.0.0
102 silly currentTree ├─┬ svgo@0.3.7
102 silly currentTree │ ├── argparse@1.0.9
102 silly currentTree │ ├── esprima@3.1.3
102 silly currentTree │ └── js-yaml@3.8.4
102 silly currentTree ├─┬ tar-stream@1.5.2
102 silly currentTree │ ├── isarray@1.0.0
102 silly currentTree │ ├── readable-stream@2.2.9
102 silly currentTree │ ├── string_decoder@1.0.0
102 silly currentTree │ └── xtend@4.0.1
102 silly currentTree ├── tar@0.1.20
102 silly currentTree ├── tempfile@0.1.3
102 silly currentTree ├─┬ through2-filter@2.0.0
102 silly currentTree │ ├── isarray@1.0.0
102 silly currentTree │ ├── readable-stream@2.2.9
102 silly currentTree │ ├── string_decoder@1.0.0
102 silly currentTree │ ├── through2@2.0.3
102 silly currentTree │ └── xtend@4.0.1
102 silly currentTree ├── through2@0.4.2
102 silly currentTree ├── time-stamp@1.0.1
102 silly currentTree ├── timed-out@3.1.3
102 silly currentTree ├─┬ tiny-lr@0.0.4
102 silly currentTree │ └── qs@0.5.6
102 silly currentTree ├── to-absolute-glob@0.1.1
102 silly currentTree ├── tough-cookie@2.3.2
102 silly currentTree ├── trim-newlines@1.0.0
102 silly currentTree ├── trim-repeated@1.0.0
102 silly currentTree ├── tunnel-agent@0.6.0
102 silly currentTree ├── tweetnacl@0.14.5
102 silly currentTree ├── typedarray@0.0.6
102 silly currentTree ├─┬ uglify-js@2.4.24
102 silly currentTree │ └── async@0.2.10
102 silly currentTree ├── uglify-to-browserify@1.0.2
102 silly currentTree ├── underscore.string@2.2.1
102 silly currentTree ├── underscore@1.7.0
102 silly currentTree ├── unique-stream@2.2.1
102 silly currentTree ├── unzip-response@1.0.2
102 silly currentTree ├── url-parse-lax@1.0.0
102 silly currentTree ├── url-regex@3.2.0
102 silly currentTree ├── util-deprecate@1.0.2
102 silly currentTree ├── uuid@1.4.2
102 silly currentTree ├── vali-date@1.0.0
102 silly currentTree ├── validate-npm-package-license@3.0.1
102 silly currentTree ├── verror@1.3.6
102 silly currentTree ├─┬ vinyl-assign@1.2.1
102 silly currentTree │ ├── isarray@1.0.0
102 silly currentTree │ ├── object-assign@4.1.1
102 silly currentTree │ ├── readable-stream@2.2.9
102 silly currentTree │ └── string_decoder@1.0.0
102 silly currentTree ├─┬ vinyl-fs@2.4.4
102 silly currentTree │ ├── graceful-fs@4.1.11
102 silly currentTree │ ├── isarray@1.0.0
102 silly currentTree │ ├── mkdirp@0.5.1
102 silly currentTree │ ├── object-assign@4.1.1
102 silly currentTree │ ├── readable-stream@2.2.9
102 silly currentTree │ ├── string_decoder@1.0.0
102 silly currentTree │ ├── through2@2.0.3
102 silly currentTree │ └── xtend@4.0.1
102 silly currentTree ├── vinyl@1.2.0
102 silly currentTree ├── ware@1.3.0
102 silly currentTree ├── whet.extend@0.9.9
102 silly currentTree ├── which@1.0.9
102 silly currentTree ├── window-size@0.1.0
102 silly currentTree ├── wordwrap@0.0.2
102 silly currentTree ├─┬ wrap-fn@0.1.5
102 silly currentTree │ └── co@3.1.0
102 silly currentTree ├── wrappy@1.0.2
102 silly currentTree ├── xtend@2.1.2
102 silly currentTree ├── yargs@3.5.4
102 silly currentTree ├── yauzl@2.8.0
102 silly currentTree └── zlib-browserify@0.0.1
103 silly idealTree hpstr-theme@
103 silly idealTree ├── abbrev@1.1.0
103 silly idealTree ├── adm-zip@0.4.7
103 silly idealTree ├── ajv@4.11.8
103 silly idealTree ├── amdefine@1.0.1
103 silly idealTree ├── ansi-regex@2.1.1
103 silly idealTree ├── ansi-styles@0.2.0
103 silly idealTree ├── archive-type@3.2.0
103 silly idealTree ├─┬ argparse@0.1.16
103 silly idealTree │ └── underscore.string@2.4.0
103 silly idealTree ├── arr-diff@2.0.0
103 silly idealTree ├── arr-flatten@1.0.3
103 silly idealTree ├── array-differ@1.0.0
103 silly idealTree ├── array-find-index@1.0.2
103 silly idealTree ├── array-uniq@1.0.3
103 silly idealTree ├── array-unique@0.2.1
103 silly idealTree ├── asn1@0.2.3
103 silly idealTree ├── assert-plus@0.2.0
103 silly idealTree ├── async-each-series@1.1.0
103 silly idealTree ├── async@0.1.22
103 silly idealTree ├── asynckit@0.4.0
103 silly idealTree ├── aws-sign2@0.6.0
103 silly idealTree ├── aws4@1.6.0
103 silly idealTree ├── balanced-match@0.4.2
103 silly idealTree ├── bcrypt-pbkdf@1.0.1
103 silly idealTree ├── beeper@1.1.1
103 silly idealTree ├── bin-build@0.1.1
103 silly idealTree ├── bin-check@0.1.5
103 silly idealTree ├─┬ bin-version-check@2.1.0
103 silly idealTree │ ├── minimist@1.2.0
103 silly idealTree │ └── semver@4.3.6
103 silly idealTree ├── bin-version@1.0.4
103 silly idealTree ├── bin-wrapper@0.3.4
103 silly idealTree ├─┬ bl@1.2.1
103 silly idealTree │ ├── isarray@1.0.0
103 silly idealTree │ ├── readable-stream@2.2.9
103 silly idealTree │ └── string_decoder@1.0.0
103 silly idealTree ├── block-stream@0.0.9
103 silly idealTree ├── boom@2.10.1
103 silly idealTree ├── brace-expansion@1.1.7
103 silly idealTree ├── braces@1.8.5
103 silly idealTree ├── buffer-crc32@0.2.13
103 silly idealTree ├── buffer-shims@1.0.0
103 silly idealTree ├─┬ buffer-to-vinyl@1.1.0
103 silly idealTree │ ├── isarray@1.0.0
103 silly idealTree │ ├── readable-stream@2.2.9
103 silly idealTree │ ├── string_decoder@1.0.0
103 silly idealTree │ └── uuid@2.0.3
103 silly idealTree ├── builtin-modules@1.1.1
103 silly idealTree ├─┬ camelcase-keys@2.1.0
103 silly idealTree │ └── camelcase@2.1.1
103 silly idealTree ├── camelcase@1.2.1
103 silly idealTree ├── capture-stack-trace@1.0.0
103 silly idealTree ├── caseless@0.12.0
103 silly idealTree ├─┬ caw@1.2.0
103 silly idealTree │ ├── object-assign@3.0.0
103 silly idealTree │ └── tunnel-agent@0.4.3
103 silly idealTree ├── chalk@0.2.1
103 silly idealTree ├── cli@0.4.5
103 silly idealTree ├── clone-stats@0.0.1
103 silly idealTree ├── clone@1.0.2
103 silly idealTree ├── co@4.6.0
103 silly idealTree ├── coa@0.3.9
103 silly idealTree ├── coffee-script@1.3.3
103 silly idealTree ├── colors@0.6.2
103 silly idealTree ├── combined-stream@1.0.5
103 silly idealTree ├── commander@2.8.1
103 silly idealTree ├── concat-map@0.0.1
103 silly idealTree ├─┬ concat-stream@1.6.0
103 silly idealTree │ ├── isarray@1.0.0
103 silly idealTree │ ├── readable-stream@2.2.9
103 silly idealTree │ └── string_decoder@1.0.0
103 silly idealTree ├── console-browserify@0.1.6
103 silly idealTree ├── console-stream@0.1.1
103 silly idealTree ├── convert-source-map@1.5.0
103 silly idealTree ├── core-util-is@1.0.2
103 silly idealTree ├── create-error-class@3.0.2
103 silly idealTree ├── cryptiles@2.0.5
103 silly idealTree ├── currently-unhandled@0.4.1
103 silly idealTree ├─┬ dashdash@1.14.1
103 silly idealTree │ └── assert-plus@1.0.0
103 silly idealTree ├── dateformat@1.0.2-1.2.3
103 silly idealTree ├── debug@0.7.4
103 silly idealTree ├── decamelize@1.2.0
103 silly idealTree ├─┬ decompress-tar@3.1.0
103 silly idealTree │ ├── clone@0.2.0
103 silly idealTree │ ├── object-assign@2.1.1
103 silly idealTree │ ├── through2@0.6.5
103 silly idealTree │ ├── vinyl@0.4.6
103 silly idealTree │ └── xtend@4.0.1
103 silly idealTree ├─┬ decompress-tarbz2@3.1.0
103 silly idealTree │ ├── clone@0.2.0
103 silly idealTree │ ├── object-assign@2.1.1
103 silly idealTree │ ├── through2@0.6.5
103 silly idealTree │ ├── vinyl@0.4.6
103 silly idealTree │ └── xtend@4.0.1
103 silly idealTree ├─┬ decompress-targz@3.1.0
103 silly idealTree │ ├── clone@0.2.0
103 silly idealTree │ ├── object-assign@2.1.1
103 silly idealTree │ ├── through2@0.6.5
103 silly idealTree │ ├── vinyl@0.4.6
103 silly idealTree │ └── xtend@4.0.1
103 silly idealTree ├─┬ decompress-unzip@3.4.0
103 silly idealTree │ ├── isarray@1.0.0
103 silly idealTree │ ├── readable-stream@2.2.9
103 silly idealTree │ ├── string_decoder@1.0.0
103 silly idealTree │ ├── through2@2.0.3
103 silly idealTree │ └── xtend@4.0.1
103 silly idealTree ├─┬ decompress@0.2.5
103 silly idealTree │ └── nopt@2.2.1
103 silly idealTree ├── deep-extend@0.4.1
103 silly idealTree ├── delayed-stream@1.0.0
103 silly idealTree ├─┬ download@0.1.19
103 silly idealTree │ └── nopt@2.2.1
103 silly idealTree ├── duplexer@0.1.1
103 silly idealTree ├─┬ duplexer2@0.1.4
103 silly idealTree │ ├── isarray@1.0.0
103 silly idealTree │ ├── readable-stream@2.2.9
103 silly idealTree │ └── string_decoder@1.0.0
103 silly idealTree ├─┬ duplexify@3.5.0
103 silly idealTree │ ├── end-of-stream@1.0.0
103 silly idealTree │ ├── isarray@1.0.0
103 silly idealTree │ ├── once@1.3.3
103 silly idealTree │ ├── readable-stream@2.2.9
103 silly idealTree │ └── string_decoder@1.0.0
103 silly idealTree ├── each-async@0.1.3
103 silly idealTree ├── ecc-jsbn@0.1.1
103 silly idealTree ├── end-of-stream@1.4.0
103 silly idealTree ├── error-ex@1.3.1
103 silly idealTree ├── escape-string-regexp@1.0.5
103 silly idealTree ├── esprima@1.0.4
103 silly idealTree ├── eventemitter2@0.4.14
103 silly idealTree ├─┬ exec-series@1.0.3
103 silly idealTree │ └── object-assign@4.1.1
103 silly idealTree ├── executable@0.1.3
103 silly idealTree ├── exit@0.1.2
103 silly idealTree ├── expand-brackets@0.1.5
103 silly idealTree ├── expand-range@1.8.2
103 silly idealTree ├── ext-list@0.2.0
103 silly idealTree ├─┬ ext-name@1.0.1
103 silly idealTree │ └── underscore.string@2.3.3
103 silly idealTree ├── extend-shallow@2.0.1
103 silly idealTree ├── extend@3.0.1
103 silly idealTree ├─┬ extglob@0.3.2
103 silly idealTree │ └── is-extglob@1.0.0
103 silly idealTree ├── extsprintf@1.0.2
103 silly idealTree ├─┬ fancy-log@1.3.0
103 silly idealTree │ ├── ansi-styles@2.2.1
103 silly idealTree │ └── chalk@1.1.3
103 silly idealTree ├── faye-websocket@0.4.4
103 silly idealTree ├── fd-slicer@1.0.1
103 silly idealTree ├─┬ figures@1.7.0
103 silly idealTree │ └── object-assign@4.1.1
103 silly idealTree ├── file-type@3.9.0
103 silly idealTree ├── filename-regex@2.0.1
103 silly idealTree ├── filename-reserved-regex@1.0.0
103 silly idealTree ├── filenamify@1.2.1
103 silly idealTree ├── filesize@1.10.0
103 silly idealTree ├── fill-range@2.2.3
103 silly idealTree ├── find-file@0.1.4
103 silly idealTree ├── find-up@1.1.2
103 silly idealTree ├─┬ find-versions@1.2.1
103 silly idealTree │ └── get-stdin@4.0.1
103 silly idealTree ├─┬ findup-sync@0.1.3
103 silly idealTree │ ├── glob@3.2.11
103 silly idealTree │ ├── lodash@2.4.2
103 silly idealTree │ └── minimatch@0.3.0
103 silly idealTree ├── first-chunk-stream@1.0.0
103 silly idealTree ├── for-in@1.0.2
103 silly idealTree ├── for-own@0.1.5
103 silly idealTree ├── forever-agent@0.6.1
103 silly idealTree ├── form-data@2.1.4
103 silly idealTree ├─┬ fstream@0.1.31
103 silly idealTree │ ├── graceful-fs@3.0.11
103 silly idealTree │ └── mkdirp@0.5.1
103 silly idealTree ├── gaze@0.4.3
103 silly idealTree ├── get-proxy@1.1.0
103 silly idealTree ├── get-stdin@0.1.0
103 silly idealTree ├── get-urls@0.1.2
103 silly idealTree ├── getobject@0.1.0
103 silly idealTree ├─┬ getpass@0.1.7
103 silly idealTree │ └── assert-plus@1.0.0
103 silly idealTree ├─┬ gifsicle@3.0.4
103 silly idealTree │ ├── bin-build@2.2.0
103 silly idealTree │ ├── bin-check@2.0.0
103 silly idealTree │ ├── bin-wrapper@3.0.2
103 silly idealTree │ ├── decompress@3.0.0
103 silly idealTree │ ├── download@4.4.3
103 silly idealTree │ ├── each-async@1.1.1
103 silly idealTree │ ├── executable@1.1.0
103 silly idealTree │ ├── got@5.7.1
103 silly idealTree │ ├── isarray@1.0.0
103 silly idealTree │ ├── object-assign@4.1.1
103 silly idealTree │ ├── readable-stream@2.2.9
103 silly idealTree │ ├── string_decoder@1.0.0
103 silly idealTree │ ├── tempfile@1.1.1
103 silly idealTree │ └── uuid@2.0.3
103 silly idealTree ├─┬ glob-base@0.3.0
103 silly idealTree │ ├── glob-parent@2.0.0
103 silly idealTree │ ├── is-extglob@1.0.0
103 silly idealTree │ └── is-glob@2.0.1
103 silly idealTree ├── glob-parent@3.1.0
103 silly idealTree ├─┬ glob-stream@5.3.5
103 silly idealTree │ ├── glob@5.0.15
103 silly idealTree │ ├── minimatch@3.0.4
103 silly idealTree │ ├── through2@0.6.5
103 silly idealTree │ └── xtend@4.0.1
103 silly idealTree ├─┬ glob@3.1.21
103 silly idealTree │ └── inherits@1.0.2
103 silly idealTree ├─┬ globule@0.1.0
103 silly idealTree │ └── lodash@1.0.2
103 silly idealTree ├── glogg@1.0.0
103 silly idealTree ├── got@0.2.0
103 silly idealTree ├── graceful-fs@1.2.3
103 silly idealTree ├── graceful-readlink@1.0.1
103 silly idealTree ├── grunt-contrib-clean@0.5.0
103 silly idealTree ├─┬ grunt-contrib-imagemin@0.2.1
103 silly idealTree │ └── gifsicle@0.1.7
103 silly idealTree ├── grunt-contrib-jshint@0.6.5
103 silly idealTree ├── grunt-contrib-uglify@0.2.7
103 silly idealTree ├── grunt-contrib-watch@0.5.3
103 silly idealTree ├─┬ grunt-legacy-log-utils@0.1.1
103 silly idealTree │ ├── lodash@2.4.2
103 silly idealTree │ └── underscore.string@2.3.3
103 silly idealTree ├─┬ grunt-legacy-log@0.1.3
103 silly idealTree │ ├── lodash@2.4.2
103 silly idealTree │ └── underscore.string@2.3.3
103 silly idealTree ├── grunt-legacy-util@0.2.0
103 silly idealTree ├── grunt-lib-contrib@0.6.1
103 silly idealTree ├─┬ grunt-svgmin@0.2.1
103 silly idealTree │ ├── chalk@0.3.0
103 silly idealTree │ └── filesize@2.0.4
103 silly idealTree ├── grunt@0.4.5
103 silly idealTree ├─┬ gulp-decompress@1.2.0
103 silly idealTree │ ├── decompress@3.0.0
103 silly idealTree │ ├── isarray@1.0.0
103 silly idealTree │ ├── readable-stream@2.2.9
103 silly idealTree │ └── string_decoder@1.0.0
103 silly idealTree ├── gulp-rename@1.2.2
103 silly idealTree ├─┬ gulp-sourcemaps@1.6.0
103 silly idealTree │ ├── graceful-fs@4.1.11
103 silly idealTree │ ├── isarray@1.0.0
103 silly idealTree │ ├── readable-stream@2.2.9
103 silly idealTree │ ├── string_decoder@1.0.0
103 silly idealTree │ ├── through2@2.0.3
103 silly idealTree │ └── xtend@4.0.1
103 silly idealTree ├─┬ gulp-util@3.0.8
103 silly idealTree │ ├── ansi-styles@2.2.1
103 silly idealTree │ ├── chalk@1.1.3
103 silly idealTree │ ├── dateformat@2.0.0
103 silly idealTree │ ├── isarray@1.0.0
103 silly idealTree │ ├── minimist@1.2.0
103 silly idealTree │ ├── object-assign@3.0.0
103 silly idealTree │ ├── readable-stream@2.2.9
103 silly idealTree │ ├── string_decoder@1.0.0
103 silly idealTree │ ├── through2@2.0.3
103 silly idealTree │ ├── vinyl@0.5.3
103 silly idealTree │ └── xtend@4.0.1
103 silly idealTree ├── gulplog@1.0.0
103 silly idealTree ├── har-schema@1.0.5
103 silly idealTree ├── har-validator@4.2.1
103 silly idealTree ├── has-ansi@2.0.0
103 silly idealTree ├── has-color@0.1.7
103 silly idealTree ├── has-gulplog@0.1.0
103 silly idealTree ├── hawk@3.1.3
103 silly idealTree ├── hoek@2.16.3
103 silly idealTree ├── hooker@0.2.3
103 silly idealTree ├── hosted-git-info@2.4.2
103 silly idealTree ├── http-signature@1.1.1
103 silly idealTree ├── iconv-lite@0.2.11
103 silly idealTree ├── indent-string@2.1.0
103 silly idealTree ├── inflight@1.0.6
103 silly idealTree ├── inherits@2.0.3
103 silly idealTree ├── ini@1.3.4
103 silly idealTree ├── ip-regex@1.0.3
103 silly idealTree ├── is-absolute@0.1.7
103 silly idealTree ├── is-arrayish@0.2.1
103 silly idealTree ├── is-buffer@1.1.5
103 silly idealTree ├── is-builtin-module@1.0.0
103 silly idealTree ├── is-bzip2@1.0.0
103 silly idealTree ├── is-dotfile@1.0.2
103 silly idealTree ├── is-equal-shallow@0.1.3
103 silly idealTree ├── is-extendable@0.1.1
103 silly idealTree ├── is-extglob@2.1.1
103 silly idealTree ├── is-finite@1.0.2
103 silly idealTree ├── is-glob@3.1.0
103 silly idealTree ├── is-gzip@1.0.0
103 silly idealTree ├── is-natural-number@2.1.1
103 silly idealTree ├── is-number@2.1.0
103 silly idealTree ├── is-obj@1.0.1
103 silly idealTree ├── is-posix-bracket@0.1.1
103 silly idealTree ├── is-primitive@2.0.0
103 silly idealTree ├── is-redirect@1.0.0
103 silly idealTree ├── is-relative@0.1.3
103 silly idealTree ├── is-retry-allowed@1.1.0
103 silly idealTree ├── is-stream@1.1.0
103 silly idealTree ├── is-tar@1.0.0
103 silly idealTree ├── is-typedarray@1.0.0
103 silly idealTree ├── is-url@1.2.2
103 silly idealTree ├── is-utf8@0.2.1
103 silly idealTree ├── is-valid-glob@0.3.0
103 silly idealTree ├── is-zip@1.0.0
103 silly idealTree ├── isarray@0.0.1
103 silly idealTree ├─┬ isobject@2.1.0
103 silly idealTree │ └── isarray@1.0.0
103 silly idealTree ├── isstream@0.1.2
103 silly idealTree ├── jodid25519@1.0.2
103 silly idealTree ├── jpegtran-bin@0.2.8
103 silly idealTree ├── js-yaml@2.0.5
103 silly idealTree ├── jsbn@0.1.1
103 silly idealTree ├─┬ jshint@2.1.11
103 silly idealTree │ └── underscore@1.4.4
103 silly idealTree ├── json-schema@0.2.3
103 silly idealTree ├── json-stable-stringify@1.0.1
103 silly idealTree ├── json-stringify-safe@5.0.1
103 silly idealTree ├── jsonify@0.0.0
103 silly idealTree ├─┬ jsprim@1.4.0
103 silly idealTree │ └── assert-plus@1.0.0
103 silly idealTree ├── kind-of@3.2.0
103 silly idealTree ├── lazy-req@1.1.0
103 silly idealTree ├─┬ lazystream@1.0.0
103 silly idealTree │ ├── isarray@1.0.0
103 silly idealTree │ ├── readable-stream@2.2.9
103 silly idealTree │ └── string_decoder@1.0.0
103 silly idealTree ├─┬ load-json-file@1.1.0
103 silly idealTree │ └── graceful-fs@4.1.11
103 silly idealTree ├── lodash._basecopy@3.0.1
103 silly idealTree ├── lodash._basetostring@3.0.1
103 silly idealTree ├── lodash._basevalues@3.0.0
103 silly idealTree ├── lodash._getnative@3.9.1
103 silly idealTree ├── lodash._isiterateecall@3.0.9
103 silly idealTree ├── lodash._reescape@3.0.0
103 silly idealTree ├── lodash._reevaluate@3.0.0
103 silly idealTree ├── lodash._reinterpolate@3.0.0
103 silly idealTree ├── lodash._root@3.0.1
103 silly idealTree ├── lodash.escape@3.2.0
103 silly idealTree ├── lodash.isarguments@3.1.0
103 silly idealTree ├── lodash.isarray@3.0.4
103 silly idealTree ├── lodash.isequal@4.5.0
103 silly idealTree ├── lodash.keys@3.1.2
103 silly idealTree ├── lodash.restparam@3.6.1
103 silly idealTree ├── lodash.template@3.6.2
103 silly idealTree ├── lodash.templatesettings@3.1.1
103 silly idealTree ├── lodash@0.9.2
103 silly idealTree ├─┬ log-symbols@1.0.2
103 silly idealTree │ ├── ansi-styles@2.2.1
103 silly idealTree │ └── chalk@1.1.3
103 silly idealTree ├── logalot@2.1.0
103 silly idealTree ├── longest@1.0.1
103 silly idealTree ├── loud-rejection@1.6.0
103 silly idealTree ├── lowercase-keys@1.0.0
103 silly idealTree ├─┬ lpad-align@1.1.0
103 silly idealTree │ └── get-stdin@4.0.1
103 silly idealTree ├── lpad@2.0.1
103 silly idealTree ├── lru-cache@2.7.3
103 silly idealTree ├── map-obj@1.0.1
103 silly idealTree ├─┬ meow@3.7.0
103 silly idealTree │ ├── minimist@1.2.0
103 silly idealTree │ └── object-assign@4.1.1
103 silly idealTree ├─┬ merge-stream@1.0.1
103 silly idealTree │ ├── isarray@1.0.0
103 silly idealTree │ ├── readable-stream@2.2.9
103 silly idealTree │ └── string_decoder@1.0.0
103 silly idealTree ├─┬ micromatch@2.3.11
103 silly idealTree │ ├── is-extglob@1.0.0
103 silly idealTree │ └── is-glob@2.0.1
103 silly idealTree ├── mime-db@1.27.0
103 silly idealTree ├── mime-types@2.1.15
103 silly idealTree ├── minimatch@0.2.14
103 silly idealTree ├── minimist@0.0.8
103 silly idealTree ├── mkdirp@0.3.5
103 silly idealTree ├── mout@0.9.1
103 silly idealTree ├─┬ multipipe@0.1.2
103 silly idealTree │ ├── duplexer2@0.0.2
103 silly idealTree │ └── readable-stream@1.1.14
103 silly idealTree ├── natives@1.1.0
103 silly idealTree ├── node-status-codes@1.0.0
103 silly idealTree ├── nopt@1.0.10
103 silly idealTree ├─┬ noptify@0.0.3
103 silly idealTree │ └── nopt@2.0.0
103 silly idealTree ├── normalize-package-data@2.3.8
103 silly idealTree ├── normalize-path@2.1.1
103 silly idealTree ├── number-is-nan@1.0.1
103 silly idealTree ├── oauth-sign@0.8.2
103 silly idealTree ├── object-assign@0.3.1
103 silly idealTree ├── object-keys@0.4.0
103 silly idealTree ├── object.omit@2.0.1
103 silly idealTree ├── once@1.4.0
103 silly idealTree ├── onetime@1.1.0
103 silly idealTree ├── optipng-bin@0.3.11
103 silly idealTree ├─┬ ordered-read-streams@0.3.0
103 silly idealTree │ ├── isarray@1.0.0
103 silly idealTree │ ├── readable-stream@2.2.9
103 silly idealTree │ └── string_decoder@1.0.0
103 silly idealTree ├── os-filter-obj@1.0.3
103 silly idealTree ├── os-tmpdir@1.0.2
103 silly idealTree ├─┬ parse-glob@3.0.4
103 silly idealTree │ ├── is-extglob@1.0.0
103 silly idealTree │ └── is-glob@2.0.1
103 silly idealTree ├── parse-json@2.2.0
103 silly idealTree ├── path-dirname@1.0.2
103 silly idealTree ├── path-exists@2.1.0
103 silly idealTree ├── path-is-absolute@1.0.1
103 silly idealTree ├─┬ path-type@1.1.0
103 silly idealTree │ └── graceful-fs@4.1.11
103 silly idealTree ├── pend@1.2.0
103 silly idealTree ├── performance-now@0.2.0
103 silly idealTree ├── pify@2.3.0
103 silly idealTree ├── pinkie-promise@2.0.1
103 silly idealTree ├── pinkie@2.0.4
103 silly idealTree ├─┬ pngquant-bin@0.1.7
103 silly idealTree │ ├── ansi-styles@1.0.0
103 silly idealTree │ ├── bin-wrapper@0.2.4
103 silly idealTree │ ├── chalk@0.4.0
103 silly idealTree │ └── strip-ansi@0.1.1
103 silly idealTree ├── prepend-http@1.0.4
103 silly idealTree ├── preserve@0.2.0
103 silly idealTree ├── process-nextick-args@1.0.7
103 silly idealTree ├── punycode@1.4.1
103 silly idealTree ├── q@0.8.12
103 silly idealTree ├── qs@6.4.0
103 silly idealTree ├── randomatic@1.1.6
103 silly idealTree ├─┬ rc@1.2.1
103 silly idealTree │ └── minimist@1.2.0
103 silly idealTree ├─┬ read-all-stream@3.1.0
103 silly idealTree │ ├── isarray@1.0.0
103 silly idealTree │ ├── readable-stream@2.2.9
103 silly idealTree │ └── string_decoder@1.0.0
103 silly idealTree ├── read-pkg-up@1.0.1
103 silly idealTree ├── read-pkg@1.1.0
103 silly idealTree ├── readable-stream@1.0.34
103 silly idealTree ├── redent@1.0.0
103 silly idealTree ├── regex-cache@0.4.3
103 silly idealTree ├── remove-trailing-separator@1.0.1
103 silly idealTree ├── repeat-element@1.1.2
103 silly idealTree ├── repeat-string@1.6.1
103 silly idealTree ├── repeating@2.0.1
103 silly idealTree ├── replace-ext@0.0.1
103 silly idealTree ├─┬ request@2.81.0
103 silly idealTree │ └── uuid@3.0.1
103 silly idealTree ├── rimraf@2.2.8
103 silly idealTree ├── safe-buffer@5.0.1
103 silly idealTree ├── sax@0.5.8
103 silly idealTree ├── seek-bzip@1.0.5
103 silly idealTree ├── semver-regex@1.0.0
103 silly idealTree ├── semver-truncate@1.1.2
103 silly idealTree ├── semver@5.3.0
103 silly idealTree ├── set-immediate-shim@1.0.1
103 silly idealTree ├── shelljs@0.1.4
103 silly idealTree ├── sigmund@1.0.1
103 silly idealTree ├── signal-exit@3.0.2
103 silly idealTree ├── sntp@1.0.9
103 silly idealTree ├── source-map@0.1.34
103 silly idealTree ├── sparkles@1.0.0
103 silly idealTree ├── spdx-correct@1.0.2
103 silly idealTree ├── spdx-expression-parse@1.0.4
103 silly idealTree ├── spdx-license-ids@1.2.2
103 silly idealTree ├── sprintf-js@1.0.3
103 silly idealTree ├─┬ squeak@1.3.0
103 silly idealTree │ ├── ansi-styles@2.2.1
103 silly idealTree │ └── chalk@1.1.3
103 silly idealTree ├─┬ sshpk@1.13.0
103 silly idealTree │ └── assert-plus@1.0.0
103 silly idealTree ├── stat-mode@0.2.2
103 silly idealTree ├── stream-combiner@0.0.4
103 silly idealTree ├─┬ stream-combiner2@1.1.1
103 silly idealTree │ ├── isarray@1.0.0
103 silly idealTree │ ├── readable-stream@2.2.9
103 silly idealTree │ └── string_decoder@1.0.0
103 silly idealTree ├── stream-shift@1.0.0
103 silly idealTree ├── string_decoder@0.10.31
103 silly idealTree ├── stringstream@0.0.5
103 silly idealTree ├── strip-ansi@3.0.1
103 silly idealTree ├── strip-bom-stream@1.0.0
103 silly idealTree ├── strip-bom@2.0.0
103 silly idealTree ├─┬ strip-dirs@1.1.1
103 silly idealTree │ ├── ansi-styles@2.2.1
103 silly idealTree │ ├── chalk@1.1.3
103 silly idealTree │ ├── get-stdin@4.0.1
103 silly idealTree │ └── minimist@1.2.0
103 silly idealTree ├─┬ strip-indent@1.0.1
103 silly idealTree │ └── get-stdin@4.0.1
103 silly idealTree ├── strip-json-comments@2.0.1
103 silly idealTree ├── strip-outer@1.0.0
103 silly idealTree ├─┬ sum-up@1.0.3
103 silly idealTree │ ├── ansi-styles@2.2.1
103 silly idealTree │ └── chalk@1.1.3
103 silly idealTree ├── supports-color@2.0.0
103 silly idealTree ├─┬ svgo@0.3.7
103 silly idealTree │ ├── argparse@1.0.9
103 silly idealTree │ ├── esprima@3.1.3
103 silly idealTree │ └── js-yaml@3.8.4
103 silly idealTree ├─┬ tar-stream@1.5.2
103 silly idealTree │ ├── isarray@1.0.0
103 silly idealTree │ ├── readable-stream@2.2.9
103 silly idealTree │ ├── string_decoder@1.0.0
103 silly idealTree │ └── xtend@4.0.1
103 silly idealTree ├── tar@0.1.20
103 silly idealTree ├── tempfile@0.1.3
103 silly idealTree ├─┬ through2-filter@2.0.0
103 silly idealTree │ ├── isarray@1.0.0
103 silly idealTree │ ├── readable-stream@2.2.9
103 silly idealTree │ ├── string_decoder@1.0.0
103 silly idealTree │ ├── through2@2.0.3
103 silly idealTree │ └── xtend@4.0.1
103 silly idealTree ├── through2@0.4.2
103 silly idealTree ├── time-stamp@1.0.1
103 silly idealTree ├── timed-out@3.1.3
103 silly idealTree ├─┬ tiny-lr@0.0.4
103 silly idealTree │ └── qs@0.5.6
103 silly idealTree ├── to-absolute-glob@0.1.1
103 silly idealTree ├── tough-cookie@2.3.2
103 silly idealTree ├── trim-newlines@1.0.0
103 silly idealTree ├── trim-repeated@1.0.0
103 silly idealTree ├── tunnel-agent@0.6.0
103 silly idealTree ├── tweetnacl@0.14.5
103 silly idealTree ├── typedarray@0.0.6
103 silly idealTree ├─┬ uglify-js@2.4.24
103 silly idealTree │ └── async@0.2.10
103 silly idealTree ├── uglify-to-browserify@1.0.2
103 silly idealTree ├── underscore.string@2.2.1
103 silly idealTree ├── underscore@1.7.0
103 silly idealTree ├── unique-stream@2.2.1
103 silly idealTree ├── unzip-response@1.0.2
103 silly idealTree ├── url-parse-lax@1.0.0
103 silly idealTree ├── url-regex@3.2.0
103 silly idealTree ├── util-deprecate@1.0.2
103 silly idealTree ├── uuid@1.4.2
103 silly idealTree ├── vali-date@1.0.0
103 silly idealTree ├── validate-npm-package-license@3.0.1
103 silly idealTree ├── verror@1.3.6
103 silly idealTree ├─┬ vinyl-assign@1.2.1
103 silly idealTree │ ├── isarray@1.0.0
103 silly idealTree │ ├── object-assign@4.1.1
103 silly idealTree │ ├── readable-stream@2.2.9
103 silly idealTree │ └── string_decoder@1.0.0
103 silly idealTree ├─┬ vinyl-fs@2.4.4
103 silly idealTree │ ├── graceful-fs@4.1.11
103 silly idealTree │ ├── isarray@1.0.0
103 silly idealTree │ ├── mkdirp@0.5.1
103 silly idealTree │ ├── object-assign@4.1.1
103 silly idealTree │ ├── readable-stream@2.2.9
103 silly idealTree │ ├── string_decoder@1.0.0
103 silly idealTree │ ├── through2@2.0.3
103 silly idealTree │ └── xtend@4.0.1
103 silly idealTree ├── vinyl@1.2.0
103 silly idealTree ├── ware@1.3.0
103 silly idealTree ├── whet.extend@0.9.9
103 silly idealTree ├── which@1.0.9
103 silly idealTree ├── window-size@0.1.0
103 silly idealTree ├── wordwrap@0.0.2
103 silly idealTree ├─┬ wrap-fn@0.1.5
103 silly idealTree │ └── co@3.1.0
103 silly idealTree ├── wrappy@1.0.2
103 silly idealTree ├── xtend@2.1.2
103 silly idealTree ├── yargs@3.5.4
103 silly idealTree ├── yauzl@2.8.0
103 silly idealTree └── zlib-browserify@0.0.1
104 silly generateActionsToTake Starting
105 silly install generateActionsToTake
106 silly generateActionsToTake Finishing
107 silly diffTrees action count 2
108 silly diffTrees add gifsicle@0.1.7
109 silly diffTrees add grunt-contrib-imagemin@0.2.1
110 silly decomposeActions action count 16
111 silly decomposeActions fetch gifsicle@0.1.7
112 silly decomposeActions extract gifsicle@0.1.7
113 silly decomposeActions test gifsicle@0.1.7
114 silly decomposeActions preinstall gifsicle@0.1.7
115 silly decomposeActions build gifsicle@0.1.7
116 silly decomposeActions install gifsicle@0.1.7
117 silly decomposeActions postinstall gifsicle@0.1.7
118 silly decomposeActions finalize gifsicle@0.1.7
119 silly decomposeActions fetch grunt-contrib-imagemin@0.2.1
120 silly decomposeActions extract grunt-contrib-imagemin@0.2.1
121 silly decomposeActions test grunt-contrib-imagemin@0.2.1
122 silly decomposeActions preinstall grunt-contrib-imagemin@0.2.1
123 silly decomposeActions build grunt-contrib-imagemin@0.2.1
124 silly decomposeActions install grunt-contrib-imagemin@0.2.1
125 silly decomposeActions postinstall grunt-contrib-imagemin@0.2.1
126 silly decomposeActions finalize grunt-contrib-imagemin@0.2.1
127 silly runTopLevelLifecycles Starting
128 silly install runPreinstallTopLevelLifecycles
129 silly preinstall hpstr-theme@ /Users/doohwan.yoo/Dev/Workspace/Blog/doohwan-yoo.github.io/hpstr-theme-f30dbf31
130 info lifecycle hpstr-theme@~preinstall: hpstr-theme@
131 silly lifecycle hpstr-theme@~preinstall: no script for preinstall, continuing
132 silly executeActions Starting
133 silly install executeActions
134 silly doSerial global-install 0
135 silly doParallel fetch 2
136 verbose correctMkdir /Users/doohwan.yoo/.npm/_locks correctMkdir not in flight; initializing
137 verbose lock using /Users/doohwan.yoo/.npm/_locks/staging-5573c46ea11394c4.lock for /Users/doohwan.yoo/Dev/Workspace/Blog/doohwan-yoo.github.io/node_modules/.staging
138 silly doParallel extract 2
139 silly extract gifsicle@0.1.7
140 silly extract grunt-contrib-imagemin@0.2.1
141 verbose unbuild node_modules/.staging/grunt-contrib-imagemin-11a02576
142 verbose unbuild node_modules/.staging/gifsicle-52861f01
143 silly gentlyRm /Users/doohwan.yoo/Dev/Workspace/Blog/doohwan-yoo.github.io/node_modules/.staging/grunt-contrib-imagemin-11a02576 is being purged from base /Users/doohwan.yoo/Dev/Workspace/Blog/doohwan-yoo.github.io
144 verbose gentlyRm don't care about contents; nuking /Users/doohwan.yoo/Dev/Workspace/Blog/doohwan-yoo.github.io/node_modules/.staging/grunt-contrib-imagemin-11a02576
145 silly gentlyRm /Users/doohwan.yoo/Dev/Workspace/Blog/doohwan-yoo.github.io/node_modules/.staging/gifsicle-52861f01 is being purged from base /Users/doohwan.yoo/Dev/Workspace/Blog/doohwan-yoo.github.io
146 verbose gentlyRm don't care about contents; nuking /Users/doohwan.yoo/Dev/Workspace/Blog/doohwan-yoo.github.io/node_modules/.staging/gifsicle-52861f01
147 verbose tar unpack /Users/doohwan.yoo/.npm/grunt-contrib-imagemin/0.2.1/package.tgz
148 verbose tar unpacking to /Users/doohwan.yoo/Dev/Workspace/Blog/doohwan-yoo.github.io/node_modules/.staging/grunt-contrib-imagemin-11a02576
149 silly gentlyRm /Users/doohwan.yoo/Dev/Workspace/Blog/doohwan-yoo.github.io/node_modules/.staging/grunt-contrib-imagemin-11a02576 is being purged
150 verbose gentlyRm don't care about contents; nuking /Users/doohwan.yoo/Dev/Workspace/Blog/doohwan-yoo.github.io/node_modules/.staging/grunt-contrib-imagemin-11a02576
151 verbose tar unpack /Users/doohwan.yoo/.npm/gifsicle/0.1.7/package.tgz
152 verbose tar unpacking to /Users/doohwan.yoo/Dev/Workspace/Blog/doohwan-yoo.github.io/node_modules/.staging/gifsicle-52861f01
153 silly gentlyRm /Users/doohwan.yoo/Dev/Workspace/Blog/doohwan-yoo.github.io/node_modules/.staging/gifsicle-52861f01 is being purged
154 verbose gentlyRm don't care about contents; nuking /Users/doohwan.yoo/Dev/Workspace/Blog/doohwan-yoo.github.io/node_modules/.staging/gifsicle-52861f01
155 silly gunzTarPerm modes [ '755', '644' ]
156 silly gunzTarPerm modes [ '755', '644' ]
157 silly gunzTarPerm extractEntry package.json
158 silly gunzTarPerm extractEntry package.json
159 silly gunzTarPerm modified mode [ 'package.json', 438, 420 ]
160 silly gunzTarPerm extractEntry README.md
161 silly gunzTarPerm extractEntry tasks/imagemin.js
162 silly gunzTarPerm extractEntry README.md
163 silly gunzTarPerm modified mode [ 'README.md', 438, 420 ]
164 silly gunzTarPerm extractEntry cli.js
165 silly gunzTarPerm modified mode [ 'cli.js', 438, 420 ]
166 silly gunzTarPerm extractEntry index.js
167 silly gunzTarPerm modified mode [ 'index.js', 438, 420 ]
168 silly gentlyRm /Users/doohwan.yoo/Dev/Workspace/Blog/doohwan-yoo.github.io/node_modules/.staging/grunt-contrib-imagemin-11a02576/node_modules is being purged
169 verbose gentlyRm don't care about contents; nuking /Users/doohwan.yoo/Dev/Workspace/Blog/doohwan-yoo.github.io/node_modules/.staging/grunt-contrib-imagemin-11a02576/node_modules
170 silly gentlyRm /Users/doohwan.yoo/Dev/Workspace/Blog/doohwan-yoo.github.io/node_modules/.staging/gifsicle-52861f01/node_modules is being purged
171 verbose gentlyRm don't care about contents; nuking /Users/doohwan.yoo/Dev/Workspace/Blog/doohwan-yoo.github.io/node_modules/.staging/gifsicle-52861f01/node_modules
172 silly doParallel preinstall 2
173 silly preinstall gifsicle@0.1.7 /Users/doohwan.yoo/Dev/Workspace/Blog/doohwan-yoo.github.io/node_modules/.staging/gifsicle-52861f01
174 info lifecycle gifsicle@0.1.7~preinstall: gifsicle@0.1.7
175 silly preinstall grunt-contrib-imagemin@0.2.1 /Users/doohwan.yoo/Dev/Workspace/Blog/doohwan-yoo.github.io/node_modules/.staging/grunt-contrib-imagemin-11a02576
176 info lifecycle grunt-contrib-imagemin@0.2.1~preinstall: grunt-contrib-imagemin@0.2.1
177 silly lifecycle gifsicle@0.1.7~preinstall: no script for preinstall, continuing
178 silly lifecycle grunt-contrib-imagemin@0.2.1~preinstall: no script for preinstall, continuing
179 silly doReverseSerial remove 0
180 silly doSerial move 0
181 silly doSerial finalize 2
182 silly finalize /Users/doohwan.yoo/Dev/Workspace/Blog/doohwan-yoo.github.io/node_modules/grunt-contrib-imagemin/node_modules/gifsicle
183 silly finalize /Users/doohwan.yoo/Dev/Workspace/Blog/doohwan-yoo.github.io/node_modules/grunt-contrib-imagemin
184 silly doSerial build 2
185 silly build gifsicle@0.1.7
186 info linkStuff gifsicle@0.1.7
187 silly linkStuff gifsicle@0.1.7 has /Users/doohwan.yoo/Dev/Workspace/Blog/doohwan-yoo.github.io/node_modules/grunt-contrib-imagemin/node_modules as its parent node_modules
188 verbose linkBins gifsicle@0.1.7
189 verbose link bins [ { gifsicle: 'cli.js' },
189 verbose link bins   '/Users/doohwan.yoo/Dev/Workspace/Blog/doohwan-yoo.github.io/node_modules/grunt-contrib-imagemin/node_modules/.bin',
189 verbose link bins   false ]
190 verbose linkMans gifsicle@0.1.7
191 silly gentlyRm /Users/doohwan.yoo/Dev/Workspace/Blog/doohwan-yoo.github.io/node_modules/grunt-contrib-imagemin/node_modules/.bin/gifsicle is being purged
192 verbose gentlyRm don't care about contents; nuking /Users/doohwan.yoo/Dev/Workspace/Blog/doohwan-yoo.github.io/node_modules/grunt-contrib-imagemin/node_modules/.bin/gifsicle
193 silly build grunt-contrib-imagemin@0.2.1
194 info linkStuff grunt-contrib-imagemin@0.2.1
195 silly linkStuff grunt-contrib-imagemin@0.2.1 has /Users/doohwan.yoo/Dev/Workspace/Blog/doohwan-yoo.github.io/node_modules as its parent node_modules
196 verbose linkBins grunt-contrib-imagemin@0.2.1
197 verbose linkMans grunt-contrib-imagemin@0.2.1
198 silly doSerial global-link 0
199 silly doParallel update-linked 0
200 silly doSerial install 2
201 silly install gifsicle@0.1.7 /Users/doohwan.yoo/Dev/Workspace/Blog/doohwan-yoo.github.io/node_modules/.staging/gifsicle-52861f01
202 info lifecycle gifsicle@0.1.7~install: gifsicle@0.1.7
203 silly lifecycle gifsicle@0.1.7~install: no script for install, continuing
204 silly install grunt-contrib-imagemin@0.2.1 /Users/doohwan.yoo/Dev/Workspace/Blog/doohwan-yoo.github.io/node_modules/.staging/grunt-contrib-imagemin-11a02576
205 info lifecycle grunt-contrib-imagemin@0.2.1~install: grunt-contrib-imagemin@0.2.1
206 silly lifecycle grunt-contrib-imagemin@0.2.1~install: no script for install, continuing
207 silly doSerial postinstall 2
208 silly postinstall gifsicle@0.1.7 /Users/doohwan.yoo/Dev/Workspace/Blog/doohwan-yoo.github.io/node_modules/.staging/gifsicle-52861f01
209 info lifecycle gifsicle@0.1.7~postinstall: gifsicle@0.1.7
210 verbose lifecycle gifsicle@0.1.7~postinstall: unsafe-perm in lifecycle true
211 verbose lifecycle gifsicle@0.1.7~postinstall: PATH: /usr/local/lib/node_modules/npm/bin/node-gyp-bin:/Users/doohwan.yoo/Dev/Workspace/Blog/doohwan-yoo.github.io/node_modules/grunt-contrib-imagemin/node_modules/gifsicle/node_modules/.bin:/Users/doohwan.yoo/Dev/Workspace/Blog/doohwan-yoo.github.io/node_modules/grunt-contrib-imagemin/node_modules/.bin:/Users/doohwan.yoo/Dev/Workspace/Blog/doohwan-yoo.github.io/node_modules/.bin:~/bin:/Library/Frameworks/Python.framework/Versions/3.6/bin:/usr/local/opt/mysql@5.6/bin:/Users/doohwan.yoo/Dev/DevEnv/gradle-3.4.1/bin:/Library/Java/JavaVirtualMachines/jdk1.8.0_121.jdk/Contents/Home/bin:/usr/local/bin:/usr/bin:/bin:/usr/sbin:/sbin:/Applications/Wireshark.app/Contents/MacOS
212 verbose lifecycle gifsicle@0.1.7~postinstall: CWD: /Users/doohwan.yoo/Dev/Workspace/Blog/doohwan-yoo.github.io/node_modules/grunt-contrib-imagemin/node_modules/gifsicle
213 silly lifecycle gifsicle@0.1.7~postinstall: Args: [ '-c', 'node index.js' ]
214 silly lifecycle gifsicle@0.1.7~postinstall: Returned: code: 1  signal: null
215 info lifecycle gifsicle@0.1.7~postinstall: Failed to exec postinstall script
216 verbose unlock done using /Users/doohwan.yoo/.npm/_locks/staging-5573c46ea11394c4.lock for /Users/doohwan.yoo/Dev/Workspace/Blog/doohwan-yoo.github.io/node_modules/.staging
217 silly rollbackFailedOptional Starting
218 silly rollbackFailedOptional Finishing
219 silly runTopLevelLifecycles Finishing
220 silly install printInstalled
221 warn hpstr-theme@ No license field.
222 verbose If you need help, you may report this error at:
222 verbose     <https://github.com/npm/npm/issues>
223 verbose stack Error: gifsicle@0.1.7 postinstall: `node index.js`
223 verbose stack Exit status 1
223 verbose stack     at EventEmitter.<anonymous> (/usr/local/lib/node_modules/npm/lib/utils/lifecycle.js:255:16)
223 verbose stack     at emitTwo (events.js:106:13)
223 verbose stack     at EventEmitter.emit (events.js:191:7)
223 verbose stack     at ChildProcess.<anonymous> (/usr/local/lib/node_modules/npm/lib/utils/spawn.js:40:14)
223 verbose stack     at emitTwo (events.js:106:13)
223 verbose stack     at ChildProcess.emit (events.js:191:7)
223 verbose stack     at maybeClose (internal/child_process.js:886:16)
223 verbose stack     at Process.ChildProcess._handle.onexit (internal/child_process.js:226:5)
224 verbose pkgid gifsicle@0.1.7
225 verbose cwd /Users/doohwan.yoo/Dev/Workspace/Blog/doohwan-yoo.github.io
226 error Darwin 16.5.0
227 error argv "/usr/local/bin/node" "/usr/local/bin/npm" "install"
228 error node v6.10.1
229 error npm  v3.10.10
230 error code ELIFECYCLE
231 error gifsicle@0.1.7 postinstall: `node index.js`
231 error Exit status 1
232 error Failed at the gifsicle@0.1.7 postinstall script 'node index.js'.
232 error Make sure you have the latest version of node.js and npm installed.
232 error If you do, this is most likely a problem with the gifsicle package,
232 error not with npm itself.
232 error Tell the author that this fails on your system:
232 error     node index.js
232 error You can get information on how to open an issue for this project with:
232 error     npm bugs gifsicle
232 error Or if that isn't available, you can get their info via:
232 error     npm owner ls gifsicle
232 error There is likely additional logging output above.
233 verbose exit [ 1, true ]
